2025-11-29T23:12:11.213988 Flow Lock set to ON
2025-11-29T23:13:26.255189 Flow Lock set to OFF
2025-11-29T23:15:42.356690 Flow Lock set to ON
2025-11-29T23:45:04.539172 Flow Lock set to OFF
2025-11-29T23:45:56.901679 Flow Lock set to ON
2025-11-29T23:47:37.335031 Flow Lock set to OFF
2025-11-29T23:49:25.225199 Profile changed -> coding
2025-11-29T23:49:51.922649 Flow Lock set to ON
2025-11-29T23:50:04.794637 Flow Lock set to OFF
2025-11-29T23:58:39.602865 Flow Lock set to ON
2025-11-29T23:59:05.643499 Flow Lock set to OFF
2025-11-29T23:59:19.098093 Profile changed -> coding
2025-11-29T23:59:19.098137 [intent error] name 'subprocess' is not defined
2025-11-30T00:03:08.406685 Profile changed -> coding
2025-11-30T00:04:06.875823 Flow Lock set to OFF
2025-11-30T10:24:00.252684 Profile changed -> coding
2025-11-30T10:26:24.962242 Flow Lock set to ON
2025-11-30T10:26:53.347065 Profile changed -> coding
2025-11-30T10:37:07.624726 Flow Lock set to OFF
2025-11-30T10:37:47.543460 Flow Lock set to ON
2025-11-30T10:38:33.068476 Flow Lock set to OFF
2025-11-30T10:39:22.797717 Flow Lock set to OFF
2025-11-30T10:39:54.998598 Profile changed -> coding
2025-11-30T10:41:50.833483 Flow Lock set to OFF
2025-11-30T10:41:58.169870 Flow Lock set to ON
2025-11-30T10:43:03.222933 Flow Lock set to OFF
2025-11-30T10:43:06.471112 Flow Lock set to ON
2025-11-30T10:50:42.071946 Profile changed -> profile
2025-11-30T10:50:57.645116 Profile changed -> light
2025-11-30T12:48:04.590177 Flow Lock set to OFF
2025-11-30T23:17:19.046929 Profile changed -> coding
2025-11-30T23:17:27.285157 Flow Lock set to ON
2025-11-30T23:18:30.040348 Flow Lock set to OFF
2025-11-30T23:18:45.400582 Flow Lock set to ON
2025-11-30T23:20:16.800008 Flow Lock set to OFF
2025-11-30T23:56:40.269314 Flow Lock set to ON
2025-12-01T01:17:34.699787 Flow Lock set to OFF
